<?xml version="1.0" encoding="UTF-8"?>
<!-- Generated by org.testng.reporters.JUnitReportReporter -->
<testsuite hostname="SwadhinS_i5" name="com.qa.runner.TestRunner" tests="1" failures="0" timestamp="4 Mar 2019 07:48:42 GMT" time="25.370" errors="0">
  <testcase name="feature" time="25.370" classname="com.qa.runner.TestRunner"/>
</testsuite> <!-- com.qa.runner.TestRunner -->
